Using pre-set license
Built from '2020.3/staging' branch; Version is '2020.3.20f1 (41c4e627c95f) revision 4310246'; Using compiler version '192528614'; Build Type 'Release'
OS: 'Windows 10 Pro; OS build 19043.1288; Version 2009; 64bit' Language: 'ru' Physical Memory: 16296 MB
BatchMode: 1, IsHumanControllingUs: 0, StartBugReporterOnCrash: 0, Is64bit: 1, IsPro: 0

COMMAND LINE ARGUMENTS:
C:\Unity\2020.3.20f1\Editor\Unity.exe
-adb2
-batchMode
-noUpm
-name
AssetImportWorker0
-projectPath
G:/Repos/Only1% Test
-logFile
Logs/AssetImportWorker0.log
-srvPort
56997
Successfully changed project path to: G:/Repos/Only1% Test
G:/Repos/Only1% Test
Using Asset Import Pipeline V2.
Refreshing native plugins compatible for Editor in 45.73 ms, found 2 plugins.
Preloading 0 native plugins for Editor in 0.00 ms.
Initialize engine version: 2020.3.20f1 (41c4e627c95f)
[Subsystems] Discovering subsystems at path C:/Unity/2020.3.20f1/Editor/Data/Resources/UnitySubsystems
[Subsystems] Discovering subsystems at path G:/Repos/Only1% Test/Assets
GfxDevice: creating device client; threaded=0
Direct3D:
    Version:  Direct3D 11.0 [level 11.1]
    Renderer: NVIDIA GeForce GTX 1060 6GB (ID=0x1c03)
    Vendor:   
    VRAM:     6052 MB
    Driver:   30.0.14.7212
Initialize mono
Mono path[0] = 'C:/Unity/2020.3.20f1/Editor/Data/Managed'
Mono path[1] = 'C:/Unity/2020.3.20f1/Editor/Data/MonoBleedingEdge/lib/mono/unityjit'
Mono config path = 'C:/Unity/2020.3.20f1/Editor/Data/MonoBleedingEdge/etc'
Using monoOptions --debugger-agent=transport=dt_socket,embedding=1,server=y,suspend=n,address=127.0.0.1:56100
Begin MonoManager ReloadAssembly
Registering precompiled unity dll's ...
Register platform support module: C:/Unity/2020.3.20f1/Editor/Data/PlaybackEngines/WindowsStandaloneSupport/UnityEditor.WindowsStandalone.Extensions.dll
Registered in 0.002583 seconds.
Native extension for WindowsStandalone target not found
Refreshing native plugins compatible for Editor in 45.34 ms, found 2 plugins.
Preloading 0 native plugins for Editor in 0.00 ms.
Mono: successfully reloaded assembly
- Completed reload, in  2.424 seconds
Domain Reload Profiling:
	ReloadAssembly (2424ms)
		BeginReloadAssembly (75ms)
			ExecutionOrderSort (0ms)
			DisableScriptedObjects (0ms)
			BackupInstance (0ms)
			ReleaseScriptingObjects (0ms)
			CreateAndSetChildDomain (1ms)
		EndReloadAssembly (579ms)
			LoadAssemblies (72ms)
			RebuildTransferFunctionScriptingTraits (0ms)
			SetupTypeCache (214ms)
			ReleaseScriptCaches (0ms)
			RebuildScriptCaches (44ms)
			SetupLoadedEditorAssemblies (226ms)
				LogAssemblyErrors (0ms)
				InitializePlatformSupportModulesInManaged (5ms)
				SetLoadedEditorAssemblies (0ms)
				RefreshPlugins (45ms)
				BeforeProcessingInitializeOnLoad (23ms)
				ProcessInitializeOnLoadAttributes (111ms)
				ProcessInitializeOnLoadMethodAttributes (40ms)
				AfterProcessingInitializeOnLoad (0ms)
				EditorAssembliesLoaded (0ms)
			ExecutionOrderSort2 (0ms)
			AwakeInstancesAfterBackupRestoration (0ms)
Platform modules already initialized, skipping
Registering precompiled user dll's ...
Registered in 0.003503 seconds.
Begin MonoManager ReloadAssembly
Native extension for WindowsStandalone target not found
Refreshing native plugins compatible for Editor in 0.42 ms, found 2 plugins.
Preloading 0 native plugins for Editor in 0.00 ms.
Mono: successfully reloaded assembly
- Completed reload, in  1.460 seconds
Domain Reload Profiling:
	ReloadAssembly (1461ms)
		BeginReloadAssembly (252ms)
			ExecutionOrderSort (0ms)
			DisableScriptedObjects (11ms)
			BackupInstance (0ms)
			ReleaseScriptingObjects (0ms)
			CreateAndSetChildDomain (27ms)
		EndReloadAssembly (1123ms)
			LoadAssemblies (132ms)
			RebuildTransferFunctionScriptingTraits (0ms)
			SetupTypeCache (396ms)
			ReleaseScriptCaches (0ms)
			RebuildScriptCaches (66ms)
			SetupLoadedEditorAssemblies (417ms)
				LogAssemblyErrors (0ms)
				InitializePlatformSupportModulesInManaged (6ms)
				SetLoadedEditorAssemblies (1ms)
				RefreshPlugins (0ms)
				BeforeProcessingInitializeOnLoad (100ms)
				ProcessInitializeOnLoadAttributes (294ms)
				ProcessInitializeOnLoadMethodAttributes (6ms)
				AfterProcessingInitializeOnLoad (9ms)
				EditorAssembliesLoaded (0ms)
			ExecutionOrderSort2 (0ms)
			AwakeInstancesAfterBackupRestoration (10ms)
Platform modules already initialized, skipping
========================================================================
Worker process is ready to serve import requests
Launched and connected shader compiler UnityShaderCompiler.exe after 0.09 seconds
Refreshing native plugins compatible for Editor in 0.41 ms, found 2 plugins.
Preloading 0 native plugins for Editor in 0.00 ms.
Unloading 1594 Unused Serialized files (Serialized files now loaded: 0)
System memory in use before: 74.2 MB.
System memory in use after: 74.3 MB.

Unloading 19 unused Assets to reduce memory usage. Loaded Objects now: 2034.
Total: 3.344800 ms (FindLiveObjects: 0.161700 ms CreateObjectMapping: 0.071900 ms MarkObjects: 3.020800 ms  DeleteObjects: 0.088600 ms)

AssetImportParameters requested are different than current active one (requested -> active):
  custom:framework-win-MediaFoundation: 216162199b28c13a410421893ffa2e32 -> 
  custom:video-decoder-ogg-theora: a1e56fd34408186e4bbccfd4996cb3dc -> 
  custom:container-muxer-webm: aa71ff27fc2769a1b78a27578f13a17b -> 
  custom:container-demuxer-webm: 4f35f7cbe854078d1ac9338744f61a02 -> 
  custom:container-demuxer-ogg: 62fdf1f143b41e24485cea50d1cbac27 -> 
  custom:video-encoder-webm-vp8: eb34c28f22e8b96e1ab97ce403110664 -> 
  custom:video-decoder-webm-vp8: 9c59270c3fd7afecdb556c50c9e8de78 -> 
  custom:audio-decoder-ogg-vorbis: bf7c407c2cedff20999df2af8eb42d56 -> 
  custom:audio-encoder-webm-vorbis: bf7c407c2cedff20999df2af8eb42d56 -> 
========================================================================
Received Import Request.
  path: Assets/Scripts/Editor/Editor.asmdef
  artifactKey: Guid(f2cfb72a7a4f2914c8c8b9e920aa493b) Importer(815301076,1909f56bfc062723c751e8b465ee728b)
Start importing Assets/Scripts/Editor/Editor.asmdef using Guid(f2cfb72a7a4f2914c8c8b9e920aa493b) Importer(815301076,1909f56bfc062723c751e8b465ee728b)  -> (artifact id: '7971895a03fbf41a28ac9f5bf49e6a9a') in 0.042621 seconds 
  Import took 0.045617 seconds .

========================================================================
Received Import Request.
  Time since last request: 29.260665 seconds.
  path: Packages/com.unity.textmeshpro/Tests/Runtime/Unity.TextMeshPro.Tests.asmdef
  artifactKey: Guid(bb05cab7d802aa5468f8f2f86840d984) Importer(815301076,1909f56bfc062723c751e8b465ee728b)
Start importing Packages/com.unity.textmeshpro/Tests/Runtime/Unity.TextMeshPro.Tests.asmdef using Guid(bb05cab7d802aa5468f8f2f86840d984) Importer(815301076,1909f56bfc062723c751e8b465ee728b)  -> (artifact id: 'b26e5d4825d514e60abcca3bbfb08672') in 0.013359 seconds 
  Import took 0.017160 seconds .

========================================================================
Received Import Request.
  Time since last request: 0.000342 seconds.
  path: Packages/com.unity.timeline/Runtime/Unity.Timeline.asmdef
  artifactKey: Guid(f06555f75b070af458a003d92f9efb00) Importer(815301076,1909f56bfc062723c751e8b465ee728b)
Start importing Packages/com.unity.timeline/Runtime/Unity.Timeline.asmdef using Guid(f06555f75b070af458a003d92f9efb00) Importer(815301076,1909f56bfc062723c751e8b465ee728b)  -> (artifact id: '255ca2d5cf5f573a02598654c649f01b') in 0.012755 seconds 
  Import took 0.016318 seconds .

========================================================================
Received Import Request.
  Time since last request: 10.294532 seconds.
  path: Assets/Scripts/NewAssembly.asmdef
  artifactKey: Guid(ecda1e408bda9eb469377fd542dfa383) Importer(815301076,1909f56bfc062723c751e8b465ee728b)
Start importing Assets/Scripts/NewAssembly.asmdef using Guid(ecda1e408bda9eb469377fd542dfa383) Importer(815301076,1909f56bfc062723c751e8b465ee728b)  -> (artifact id: '3ee6d49fa8888ece0a777e0add937368') in 0.012227 seconds 
  Import took 0.015663 seconds .

========================================================================
Received Import Request.
  Time since last request: 26.114226 seconds.
  path: Assets/Scripts/NewAssembly.asmdef
  artifactKey: Guid(ecda1e408bda9eb469377fd542dfa383) Importer(815301076,1909f56bfc062723c751e8b465ee728b)
Start importing Assets/Scripts/NewAssembly.asmdef using Guid(ecda1e408bda9eb469377fd542dfa383) Importer(815301076,1909f56bfc062723c751e8b465ee728b)  -> (artifact id: 'b8e963bdf4a9787dac57e513b4579e53') in 0.087725 seconds 
  Import took 0.092484 seconds .

========================================================================
Received Import Request.
  Time since last request: 14.260506 seconds.
  path: Assets/Scripts/NewAssembly.asmdef
  artifactKey: Guid(ecda1e408bda9eb469377fd542dfa383) Importer(815301076,1909f56bfc062723c751e8b465ee728b)
Start importing Assets/Scripts/NewAssembly.asmdef using Guid(ecda1e408bda9eb469377fd542dfa383) Importer(815301076,1909f56bfc062723c751e8b465ee728b)  -> (artifact id: '6c7c745026a606127cdba09acbe91f64') in 0.008757 seconds 
  Import took 0.025287 seconds .

========================================================================
Received Import Request.
  Time since last request: 22.944837 seconds.
  path: Packages/com.unity.timeline/Editor/Unity.Timeline.Editor.asmdef
  artifactKey: Guid(02f771204943f4a40949438e873e3eff) Importer(815301076,1909f56bfc062723c751e8b465ee728b)
Start importing Packages/com.unity.timeline/Editor/Unity.Timeline.Editor.asmdef using Guid(02f771204943f4a40949438e873e3eff) Importer(815301076,1909f56bfc062723c751e8b465ee728b)  -> (artifact id: '745efb3b2a24d941ae99dd5a111ab6c6') in 0.009699 seconds 
  Import took 0.013813 seconds .

========================================================================
Received Import Request.
  Time since last request: 0.809041 seconds.
  path: Packages/com.unity.test-framework/UnityEditor.TestRunner/UnityEditor.TestRunner.asmdef
  artifactKey: Guid(0acc523941302664db1f4e527237feb3) Importer(815301076,1909f56bfc062723c751e8b465ee728b)
Start importing Packages/com.unity.test-framework/UnityEditor.TestRunner/UnityEditor.TestRunner.asmdef using Guid(0acc523941302664db1f4e527237feb3) Importer(815301076,1909f56bfc062723c751e8b465ee728b)  -> (artifact id: '37b436c5b272fbb9cad20717b7382829') in 0.007564 seconds 
  Import took 0.011084 seconds .

========================================================================
Received Import Request.
  Time since last request: 0.000283 seconds.
  path: Packages/com.unity.ugui/Editor/UnityEditor.UI.asmdef
  artifactKey: Guid(343deaaf83e0cee4ca978e7df0b80d21) Importer(815301076,1909f56bfc062723c751e8b465ee728b)
Start importing Packages/com.unity.ugui/Editor/UnityEditor.UI.asmdef using Guid(343deaaf83e0cee4ca978e7df0b80d21) Importer(815301076,1909f56bfc062723c751e8b465ee728b)  -> (artifact id: 'b6729f57df2b31e1ee16d37afa663e95') in 0.009662 seconds 
  Import took 0.013027 seconds .

========================================================================
Received Import Request.
  Time since last request: 0.575747 seconds.
  path: Packages/com.unity.ugui/Tests/Editor/UnityEditor.UI.EditorTests.asmdef
  artifactKey: Guid(7c04f0dfa9243c04681a55d90d3ff3fc) Importer(815301076,1909f56bfc062723c751e8b465ee728b)
Start importing Packages/com.unity.ugui/Tests/Editor/UnityEditor.UI.EditorTests.asmdef using Guid(7c04f0dfa9243c04681a55d90d3ff3fc) Importer(815301076,1909f56bfc062723c751e8b465ee728b)  -> (artifact id: '26e74ddf7b099bb21f1e37831a4f5027') in 0.007458 seconds 
  Import took 0.011128 seconds .

========================================================================
Received Import Request.
  Time since last request: 0.000256 seconds.
  path: Packages/com.unity.test-framework/UnityEngine.TestRunner/UnityEngine.TestRunner.asmdef
  artifactKey: Guid(27619889b8ba8c24980f49ee34dbb44a) Importer(815301076,1909f56bfc062723c751e8b465ee728b)
Start importing Packages/com.unity.test-framework/UnityEngine.TestRunner/UnityEngine.TestRunner.asmdef using Guid(27619889b8ba8c24980f49ee34dbb44a) Importer(815301076,1909f56bfc062723c751e8b465ee728b)  -> (artifact id: '4cc72419ab1198df33673865af686382') in 0.009519 seconds 
  Import took 0.012431 seconds .

========================================================================
Received Import Request.
  Time since last request: 0.875172 seconds.
  path: Packages/com.unity.ugui/Runtime/UnityEngine.UI.asmdef
  artifactKey: Guid(2bafac87e7f4b9b418d9448d219b01ab) Importer(815301076,1909f56bfc062723c751e8b465ee728b)
Start importing Packages/com.unity.ugui/Runtime/UnityEngine.UI.asmdef using Guid(2bafac87e7f4b9b418d9448d219b01ab) Importer(815301076,1909f56bfc062723c751e8b465ee728b)  -> (artifact id: '13113e9364e6a0fa363eadb8296f871e') in 0.007808 seconds 
  Import took 0.011611 seconds .

========================================================================
Received Import Request.
  Time since last request: 0.000328 seconds.
  path: Packages/com.unity.ugui/Tests/Runtime/UnityEngine.UI.Tests.asmdef
  artifactKey: Guid(e9745f6a32442194c8dc5a43e9ab86f9) Importer(815301076,1909f56bfc062723c751e8b465ee728b)
Start importing Packages/com.unity.ugui/Tests/Runtime/UnityEngine.UI.Tests.asmdef using Guid(e9745f6a32442194c8dc5a43e9ab86f9) Importer(815301076,1909f56bfc062723c751e8b465ee728b)  -> (artifact id: '4cf33fd84799953dce754ba34801e4d3') in 0.009543 seconds 
  Import took 0.013158 seconds .

========================================================================
Received Import Request.
  Time since last request: 144.336358 seconds.
  path: Assets/Scripts/Editor/Editor.asmdef
  artifactKey: Guid(f2cfb72a7a4f2914c8c8b9e920aa493b) Importer(815301076,1909f56bfc062723c751e8b465ee728b)
Start importing Assets/Scripts/Editor/Editor.asmdef using Guid(f2cfb72a7a4f2914c8c8b9e920aa493b) Importer(815301076,1909f56bfc062723c751e8b465ee728b)  -> (artifact id: '96238f0089b3d135809fe097f7f7350c') in 0.190737 seconds 
  Import took 0.196563 seconds .

========================================================================
Received Import Request.
  Time since last request: 11.062870 seconds.
  path: Assets/Scripts/Editor/Editor.asmdef
  artifactKey: Guid(f2cfb72a7a4f2914c8c8b9e920aa493b) Importer(815301076,1909f56bfc062723c751e8b465ee728b)
Start importing Assets/Scripts/Editor/Editor.asmdef using Guid(f2cfb72a7a4f2914c8c8b9e920aa493b) Importer(815301076,1909f56bfc062723c751e8b465ee728b)  -> (artifact id: 'b15bd4985e245a2a2b80746c102bf62a') in 0.008856 seconds 
  Import took 0.016843 seconds .

========================================================================
Received Import Request.
  Time since last request: 48.371764 seconds.
  path: Assets/Scripts/Editor/Editor.asmdef
  artifactKey: Guid(f2cfb72a7a4f2914c8c8b9e920aa493b) Importer(815301076,1909f56bfc062723c751e8b465ee728b)
Start importing Assets/Scripts/Editor/Editor.asmdef using Guid(f2cfb72a7a4f2914c8c8b9e920aa493b) Importer(815301076,1909f56bfc062723c751e8b465ee728b)  -> (artifact id: '644ce2ab744adc354730f7eab92579fb') in 0.004372 seconds 
  Import took 0.014011 seconds .

========================================================================
Received Import Request.
  Time since last request: 72.582106 seconds.
  path: Assets/Scripts/NewAssemblyReference.asmref
  artifactKey: Guid(16a5884d6be65e843b8b48553a90ebe9) Importer(815301076,1909f56bfc062723c751e8b465ee728b)
Start importing Assets/Scripts/NewAssemblyReference.asmref using Guid(16a5884d6be65e843b8b48553a90ebe9) Importer(815301076,1909f56bfc062723c751e8b465ee728b)  -> (artifact id: '02611d0443c987b443bcf0db43a9cb7b') in 0.133738 seconds 
  Import took 0.140119 seconds .

========================================================================
Received Import Request.
  Time since last request: 4.466425 seconds.
  path: Assets/Scripts/Editor/Editor.asmdef
  artifactKey: Guid(f2cfb72a7a4f2914c8c8b9e920aa493b) Importer(815301076,1909f56bfc062723c751e8b465ee728b)
Start importing Assets/Scripts/Editor/Editor.asmdef using Guid(f2cfb72a7a4f2914c8c8b9e920aa493b) Importer(815301076,1909f56bfc062723c751e8b465ee728b)  -> (artifact id: '2367b4175b91584f032ea3fcd2e00b65') in 0.003068 seconds 
  Import took 0.007430 seconds .

========================================================================
Received Import Request.
  Time since last request: 47.621051 seconds.
  path: Assets/Scripts/NewAssembly.asmdef
  artifactKey: Guid(ecda1e408bda9eb469377fd542dfa383) Importer(815301076,1909f56bfc062723c751e8b465ee728b)
Start importing Assets/Scripts/NewAssembly.asmdef using Guid(ecda1e408bda9eb469377fd542dfa383) Importer(815301076,1909f56bfc062723c751e8b465ee728b)  -> (artifact id: '04ea284eb7bdc5fe97bc10ca0e9b1903') in 0.011760 seconds 
  Import took 0.021912 seconds .

========================================================================
Received Import Request.
  Time since last request: 6.557269 seconds.
  path: Assets/Scripts/NewAssembly.asmdef
  artifactKey: Guid(ecda1e408bda9eb469377fd542dfa383) Importer(815301076,1909f56bfc062723c751e8b465ee728b)
Start importing Assets/Scripts/NewAssembly.asmdef using Guid(ecda1e408bda9eb469377fd542dfa383) Importer(815301076,1909f56bfc062723c751e8b465ee728b)  -> (artifact id: 'acce867b05c9db8b844199c06ed35cd8') in 0.009681 seconds 
  Import took 0.020198 seconds .

========================================================================
Received Import Request.
  Time since last request: 199.308542 seconds.
  path: Assets/Scripts/NewAssembly.asmdef
  artifactKey: Guid(ecda1e408bda9eb469377fd542dfa383) Importer(815301076,1909f56bfc062723c751e8b465ee728b)
Start importing Assets/Scripts/NewAssembly.asmdef using Guid(ecda1e408bda9eb469377fd542dfa383) Importer(815301076,1909f56bfc062723c751e8b465ee728b)  -> (artifact id: '6df9377fb7ab3cb4a705700cc2d37982') in 0.421973 seconds 
  Import took 0.602642 seconds .

========================================================================
Received Import Request.
  Time since last request: 24.129639 seconds.
  path: Assets/Scripts/Editor/Editor.asmdef
  artifactKey: Guid(f2cfb72a7a4f2914c8c8b9e920aa493b) Importer(815301076,1909f56bfc062723c751e8b465ee728b)
Start importing Assets/Scripts/Editor/Editor.asmdef using Guid(f2cfb72a7a4f2914c8c8b9e920aa493b) Importer(815301076,1909f56bfc062723c751e8b465ee728b)  -> (artifact id: '400a96c62b3f927a307c134bb86580e2') in 0.002361 seconds 
  Import took 0.005504 seconds .

========================================================================
Received Import Request.
  Time since last request: 76.830042 seconds.
  path: Assets/Scripts/NewAssembly.asmdef
  artifactKey: Guid(ecda1e408bda9eb469377fd542dfa383) Importer(815301076,1909f56bfc062723c751e8b465ee728b)
Start importing Assets/Scripts/NewAssembly.asmdef using Guid(ecda1e408bda9eb469377fd542dfa383) Importer(815301076,1909f56bfc062723c751e8b465ee728b)  -> (artifact id: '91d0fe3b0630650fa35decf9765e4604') in 0.010645 seconds 
  Import took 0.017374 seconds .

========================================================================
Received Import Request.
  Time since last request: 4.685899 seconds.
  path: Assets/Scripts/Game.asmdef
  artifactKey: Guid(ecda1e408bda9eb469377fd542dfa383) Importer(815301076,1909f56bfc062723c751e8b465ee728b)
Start importing Assets/Scripts/Game.asmdef using Guid(ecda1e408bda9eb469377fd542dfa383) Importer(815301076,1909f56bfc062723c751e8b465ee728b)  -> (artifact id: '32829ee1ab35632bdb318b37d1f5468e') in 0.026396 seconds 
  Import took 0.038509 seconds .

========================================================================
Received Import Request.
  Time since last request: 4.148433 seconds.
  path: Assets/Plugins/Demigiant/DOTween
  artifactKey: Guid(a193e16f74502a24fb9fe8d6bf4aac11) Importer(815301076,1909f56bfc062723c751e8b465ee728b)
Start importing Assets/Plugins/Demigiant/DOTween using Guid(a193e16f74502a24fb9fe8d6bf4aac11) Importer(815301076,1909f56bfc062723c751e8b465ee728b)  -> (artifact id: 'c19e55082aeb3cae7e201e54e9f661c8') in 0.013244 seconds 
  Import took 0.016399 seconds .

========================================================================
Received Import Request.
  Time since last request: 0.451991 seconds.
  path: Assets/Plugins/Demigiant/DOTween/Editor
  artifactKey: Guid(b27f58ae5d5c33a4bb2d1f4f34bd036d) Importer(815301076,1909f56bfc062723c751e8b465ee728b)
Start importing Assets/Plugins/Demigiant/DOTween/Editor using Guid(b27f58ae5d5c33a4bb2d1f4f34bd036d) Importer(815301076,1909f56bfc062723c751e8b465ee728b)  -> (artifact id: 'b4c911ba664f857131970d302f086c41') in 0.005526 seconds 
  Import took 0.011210 seconds .

========================================================================
Received Import Request.
  Time since last request: 0.620532 seconds.
  path: Assets/Plugins/Demigiant/DOTween/Editor/Imgs
  artifactKey: Guid(0034ebae0c2a9344e897db1160d71b6d) Importer(815301076,1909f56bfc062723c751e8b465ee728b)
Start importing Assets/Plugins/Demigiant/DOTween/Editor/Imgs using Guid(0034ebae0c2a9344e897db1160d71b6d) Importer(815301076,1909f56bfc062723c751e8b465ee728b)  -> (artifact id: '933413b4bc9ea8634c9a37163f178492') in 0.012482 seconds 
  Import took 0.016867 seconds .

========================================================================
Received Import Request.
  Time since last request: 0.004874 seconds.
  path: Assets/Plugins/Demigiant/DOTween/Editor/Imgs/DOTweenIcon.png
  artifactKey: Guid(8da095e39e9b4df488dfd436f81116d6) Importer(815301076,1909f56bfc062723c751e8b465ee728b)
Start importing Assets/Plugins/Demigiant/DOTween/Editor/Imgs/DOTweenIcon.png using Guid(8da095e39e9b4df488dfd436f81116d6) Importer(815301076,1909f56bfc062723c751e8b465ee728b)  -> (artifact id: '966422e6960c843af5f3403db73d6d33') in 0.375482 seconds 
  Import took 0.379831 seconds .

========================================================================
Received Import Request.
  Time since last request: 0.000057 seconds.
  path: Assets/Plugins/Demigiant/DOTween/Editor/Imgs/Header.jpg
  artifactKey: Guid(78a59ca99f8987941adb61f9e14a06a7) Importer(815301076,1909f56bfc062723c751e8b465ee728b)
Start importing Assets/Plugins/Demigiant/DOTween/Editor/Imgs/Header.jpg using Guid(78a59ca99f8987941adb61f9e14a06a7) Importer(815301076,1909f56bfc062723c751e8b465ee728b)  -> (artifact id: '0b60bce23dfa2423a099dabdc61da289') in 0.043511 seconds 
  Import took 0.048015 seconds .

========================================================================
Received Import Request.
  Time since last request: 0.000211 seconds.
  path: Assets/Plugins/Demigiant/DOTween/Editor/Imgs/Footer.png
  artifactKey: Guid(7051dba417b3d53409f2918f1ea4938d) Importer(815301076,1909f56bfc062723c751e8b465ee728b)
Start importing Assets/Plugins/Demigiant/DOTween/Editor/Imgs/Footer.png using Guid(7051dba417b3d53409f2918f1ea4938d) Importer(815301076,1909f56bfc062723c751e8b465ee728b)  -> (artifact id: '72ca2b7601fd6fadfe8be931b1d8975c') in 0.032057 seconds 
  Import took 0.034945 seconds .

========================================================================
Received Import Request.
  Time since last request: 0.000227 seconds.
  path: Assets/Plugins/Demigiant/DOTween/Editor/Imgs/Footer_dark.png
  artifactKey: Guid(519694efe2bb2914788b151fbd8c01f4) Importer(815301076,1909f56bfc062723c751e8b465ee728b)
Start importing Assets/Plugins/Demigiant/DOTween/Editor/Imgs/Footer_dark.png using Guid(519694efe2bb2914788b151fbd8c01f4) Importer(815301076,1909f56bfc062723c751e8b465ee728b)  -> (artifact id: '70c47cc9a6a2802a6f8f1f9b639f90ef') in 0.018324 seconds 
  Import took 0.021138 seconds .

========================================================================
Received Import Request.
  Time since last request: 0.000213 seconds.
  path: Assets/Plugins/Demigiant/DOTween/Editor/Imgs/DOTweenMiniIcon.png
  artifactKey: Guid(61521df2e071645488ba3d05e49289ae) Importer(815301076,1909f56bfc062723c751e8b465ee728b)
Start importing Assets/Plugins/Demigiant/DOTween/Editor/Imgs/DOTweenMiniIcon.png using Guid(61521df2e071645488ba3d05e49289ae) Importer(815301076,1909f56bfc062723c751e8b465ee728b)  -> (artifact id: '7d46950540d6843892f6255cfc94b32e') in 0.023911 seconds 
  Import took 0.026738 seconds .

========================================================================
Received Import Request.
  Time since last request: 1.978367 seconds.
  path: Assets/Plugins/Demigiant/DOTween/Modules
  artifactKey: Guid(143604b8bad857d47a6f7cc7a533e2dc) Importer(815301076,1909f56bfc062723c751e8b465ee728b)
Start importing Assets/Plugins/Demigiant/DOTween/Modules using Guid(143604b8bad857d47a6f7cc7a533e2dc) Importer(815301076,1909f56bfc062723c751e8b465ee728b)  -> (artifact id: '845a676eda836335128629a4eb5dd347') in 0.009736 seconds 
  Import took 0.012744 seconds .

========================================================================
Received Import Request.
  Time since last request: 0.735201 seconds.
  path: Assets/Plugins/Demigiant/DOTween/Modules/DOTweenModuleEPOOutline.cs
  artifactKey: Guid(e944529dcaee98f4e9498d80e541d93e) Importer(815301076,1909f56bfc062723c751e8b465ee728b)
Start importing Assets/Plugins/Demigiant/DOTween/Modules/DOTweenModuleEPOOutline.cs using Guid(e944529dcaee98f4e9498d80e541d93e) Importer(815301076,1909f56bfc062723c751e8b465ee728b)  -> (artifact id: 'cd843afff9e226e239a413d54f90891c') in 0.011146 seconds 
  Import took 0.014540 seconds .

========================================================================
Received Import Request.
  Time since last request: 0.996447 seconds.
  path: Assets/Plugins/Demigiant/DOTween/Modules/DOTweenModulePhysics.cs
  artifactKey: Guid(dae9aa560b4242648a3affa2bfabc365) Importer(815301076,1909f56bfc062723c751e8b465ee728b)
Start importing Assets/Plugins/Demigiant/DOTween/Modules/DOTweenModulePhysics.cs using Guid(dae9aa560b4242648a3affa2bfabc365) Importer(815301076,1909f56bfc062723c751e8b465ee728b)  -> (artifact id: 'cc20701615500b86f7adcc0ba0f7c4fe') in 0.007952 seconds 
  Import took 0.011264 seconds .

========================================================================
Received Import Request.
  Time since last request: 0.523295 seconds.
  path: Assets/Plugins/Demigiant/DOTween/Modules/DOTweenModulePhysics2D.cs
  artifactKey: Guid(230fe34542e175245ba74b4659dae700) Importer(815301076,1909f56bfc062723c751e8b465ee728b)
Start importing Assets/Plugins/Demigiant/DOTween/Modules/DOTweenModulePhysics2D.cs using Guid(230fe34542e175245ba74b4659dae700) Importer(815301076,1909f56bfc062723c751e8b465ee728b)  -> (artifact id: 'd4f14e4de49f37b5abd00ad9c21d6fbf') in 0.007557 seconds 
  Import took 0.010713 seconds .

========================================================================
Received Import Request.
  Time since last request: 0.460441 seconds.
  path: Assets/Plugins/Demigiant/DOTween/Modules/DOTweenModuleSprite.cs
  artifactKey: Guid(188918ab119d93148aa0de59ccf5286b) Importer(815301076,1909f56bfc062723c751e8b465ee728b)
Start importing Assets/Plugins/Demigiant/DOTween/Modules/DOTweenModuleSprite.cs using Guid(188918ab119d93148aa0de59ccf5286b) Importer(815301076,1909f56bfc062723c751e8b465ee728b)  -> (artifact id: '4765225c9ea106923de23d489563f91f') in 0.016139 seconds 
  Import took 0.019237 seconds .

========================================================================
Received Import Request.
  Time since last request: 20.028951 seconds.
  path: Packages/com.unity.cinemachine
  artifactKey: Guid(c19eb9a4b328654bd4ca551e1c34b76c) Importer(815301076,1909f56bfc062723c751e8b465ee728b)
Start importing Packages/com.unity.cinemachine using Guid(c19eb9a4b328654bd4ca551e1c34b76c) Importer(815301076,1909f56bfc062723c751e8b465ee728b)  -> (artifact id: '13595a645e76ec49928acaf6d7bb5972') in 0.010169 seconds 
  Import took 0.013390 seconds .

========================================================================
Received Import Request.
  Time since last request: 0.039544 seconds.
  path: Packages/com.unity.cinemachine/package.json
  artifactKey: Guid(7d93e7b7399fbe64790358e67fc94b18) Importer(815301076,1909f56bfc062723c751e8b465ee728b)
Start importing Packages/com.unity.cinemachine/package.json using Guid(7d93e7b7399fbe64790358e67fc94b18) Importer(815301076,1909f56bfc062723c751e8b465ee728b)  -> (artifact id: 'a482132e96879e21d74bdbc88e9f81ce') in 0.022075 seconds 
  Import took 0.025172 seconds .

========================================================================
Received Import Request.
  Time since last request: 1.362554 seconds.
  path: Packages/com.unity.ext.nunit
  artifactKey: Guid(25a477c2f24db8778a4179421a32cc21) Importer(815301076,1909f56bfc062723c751e8b465ee728b)
Start importing Packages/com.unity.ext.nunit using Guid(25a477c2f24db8778a4179421a32cc21) Importer(815301076,1909f56bfc062723c751e8b465ee728b)  -> (artifact id: 'de8b3f671dc9f0a57b867a67d4aae8de') in 0.009199 seconds 
  Import took 0.012404 seconds .

========================================================================
Received Import Request.
  Time since last request: 0.049429 seconds.
  path: Packages/com.unity.ext.nunit/package.json
  artifactKey: Guid(8143d3a8390f2c64685e3bc272bd9e90) Importer(815301076,1909f56bfc062723c751e8b465ee728b)
Start importing Packages/com.unity.ext.nunit/package.json using Guid(8143d3a8390f2c64685e3bc272bd9e90) Importer(815301076,1909f56bfc062723c751e8b465ee728b)  -> (artifact id: '36f449bd9ed4a92e06d659da724da745') in 0.010037 seconds 
  Import took 0.013186 seconds .

========================================================================
Received Import Request.
  Time since last request: 1.060474 seconds.
  path: Packages/com.unity.ext.nunit/net35
  artifactKey: Guid(a36d8b72880a8004f96ac54ce4598ff9) Importer(815301076,1909f56bfc062723c751e8b465ee728b)
Start importing Packages/com.unity.ext.nunit/net35 using Guid(a36d8b72880a8004f96ac54ce4598ff9) Importer(815301076,1909f56bfc062723c751e8b465ee728b)  -> (artifact id: 'f5f1b27b24c11cc720585ebd98832c29') in 0.008730 seconds 
  Import took 0.011776 seconds .

========================================================================
Received Import Request.
  Time since last request: 1.601414 seconds.
  path: Packages/com.unity.ide.rider
  artifactKey: Guid(ea5aa18a49e4f29d74984ea0ea11a238) Importer(815301076,1909f56bfc062723c751e8b465ee728b)
Start importing Packages/com.unity.ide.rider using Guid(ea5aa18a49e4f29d74984ea0ea11a238) Importer(815301076,1909f56bfc062723c751e8b465ee728b)  -> (artifact id: '38d02623396ab86594f3405d33b9714f') in 0.004132 seconds 
  Import took 0.007593 seconds .

========================================================================
Received Import Request.
  Time since last request: 0.625129 seconds.
  path: Packages/com.unity.test-framework
  artifactKey: Guid(6023f2b823fc19b4e4a90875281ff117) Importer(815301076,1909f56bfc062723c751e8b465ee728b)
Start importing Packages/com.unity.test-framework using Guid(6023f2b823fc19b4e4a90875281ff117) Importer(815301076,1909f56bfc062723c751e8b465ee728b)  -> (artifact id: '7b3fecfc8d873fe96244889d860a7252') in 0.008931 seconds 
  Import took 0.012021 seconds .

========================================================================
Received Import Request.
  Time since last request: 0.074639 seconds.
  path: Packages/com.unity.test-framework/package.json
  artifactKey: Guid(d6a2e6e4803de7b43baacdc355fc144d) Importer(815301076,1909f56bfc062723c751e8b465ee728b)
Start importing Packages/com.unity.test-framework/package.json using Guid(d6a2e6e4803de7b43baacdc355fc144d) Importer(815301076,1909f56bfc062723c751e8b465ee728b)  -> (artifact id: '348d0090788821c173ed5a91192d97b9') in 0.009569 seconds 
  Import took 0.012563 seconds .

========================================================================
Received Import Request.
  Time since last request: 1.576629 seconds.
  path: Packages/com.unity.ide.rider/package.json
  artifactKey: Guid(66c95bb3c74257f41bae2622511dc02d) Importer(815301076,1909f56bfc062723c751e8b465ee728b)
Start importing Packages/com.unity.ide.rider/package.json using Guid(66c95bb3c74257f41bae2622511dc02d) Importer(815301076,1909f56bfc062723c751e8b465ee728b)  -> (artifact id: 'ff96f7b61e94a0dc9b975679be81ead9') in 0.016300 seconds 
  Import took 0.020634 seconds .

========================================================================
Received Import Request.
  Time since last request: 1.731783 seconds.
  path: Packages/com.unity.timeline
  artifactKey: Guid(a4610cf559d77b9f256416d9ccaeac55) Importer(815301076,1909f56bfc062723c751e8b465ee728b)
Start importing Packages/com.unity.timeline using Guid(a4610cf559d77b9f256416d9ccaeac55) Importer(815301076,1909f56bfc062723c751e8b465ee728b)  -> (artifact id: 'faf0c4e2b16555589375b70b30cdb036') in 0.009800 seconds 
  Import took 0.013060 seconds .

========================================================================
Received Import Request.
  Time since last request: 1.056084 seconds.
  path: Packages/com.unity.timeline/package.json
  artifactKey: Guid(13a9c1b4df2e489e8eb9cacca7429596) Importer(815301076,1909f56bfc062723c751e8b465ee728b)
Start importing Packages/com.unity.timeline/package.json using Guid(13a9c1b4df2e489e8eb9cacca7429596) Importer(815301076,1909f56bfc062723c751e8b465ee728b)  -> (artifact id: '82c6c08db8f434b9305b26de0687e812') in 0.010275 seconds 
  Import took 0.013251 seconds .

========================================================================
Received Import Request.
  Time since last request: 1.838180 seconds.
  path: Packages/com.unity.timeline/Editor
  artifactKey: Guid(9b4f21acd14fdd445b37b76f6587539e) Importer(815301076,1909f56bfc062723c751e8b465ee728b)
Start importing Packages/com.unity.timeline/Editor using Guid(9b4f21acd14fdd445b37b76f6587539e) Importer(815301076,1909f56bfc062723c751e8b465ee728b)  -> (artifact id: '8070be5c174f3af13252f9862c90d735') in 0.009087 seconds 
  Import took 0.012322 seconds .

========================================================================
Received Import Request.
  Time since last request: 5.735772 seconds.
  path: Assets/TextMesh Pro/Resources/Fonts & Materials/LiberationSans SDF - Drop Shadow.mat
  artifactKey: Guid(e73a58f6e2794ae7b1b7e50b7fb811b0) Importer(815301076,1909f56bfc062723c751e8b465ee728b)
Start importing Assets/TextMesh Pro/Resources/Fonts & Materials/LiberationSans SDF - Drop Shadow.mat using Guid(e73a58f6e2794ae7b1b7e50b7fb811b0) Importer(815301076,1909f56bfc062723c751e8b465ee728b)  -> (artifact id: 'ca0d2861f60500f05bd29199894f7bb5') in 0.172817 seconds 
  Import took 0.176125 seconds .

========================================================================
Received Import Request.
  Time since last request: 4.498598 seconds.
  path: Assets/Plugins/Demigiant/DOTween/DOTween.dll
  artifactKey: Guid(a811bde74b26b53498b4f6d872b09b6d) Importer(815301076,1909f56bfc062723c751e8b465ee728b)
Start importing Assets/Plugins/Demigiant/DOTween/DOTween.dll using Guid(a811bde74b26b53498b4f6d872b09b6d) Importer(815301076,1909f56bfc062723c751e8b465ee728b)  -> (artifact id: '7cfe9a63ca0896e6339e41b6449c2bdb') in 0.007817 seconds 
  Import took 0.010899 seconds .

========================================================================
Received Import Request.
  Time since last request: 12.429777 seconds.
  path: Assets/Plugins/Demigiant/DOTween/DOTween.XML
  artifactKey: Guid(34192c5e0d14aee43a0e86cc4823268a) Importer(815301076,1909f56bfc062723c751e8b465ee728b)
Start importing Assets/Plugins/Demigiant/DOTween/DOTween.XML using Guid(34192c5e0d14aee43a0e86cc4823268a) Importer(815301076,1909f56bfc062723c751e8b465ee728b)  -> (artifact id: '7e3d9966b6d64feefd5efa9b0ae2d785') in 0.012973 seconds 
  Import took 0.016020 seconds .

========================================================================
Received Import Request.
  Time since last request: 30.436250 seconds.
  path: Assets/Prefabs/Cannon.prefab
  artifactKey: Guid(b19d797c6fe91d24c9c5db664713cdd4) Importer(815301076,1909f56bfc062723c751e8b465ee728b)
Start importing Assets/Prefabs/Cannon.prefab using Guid(b19d797c6fe91d24c9c5db664713cdd4) Importer(815301076,1909f56bfc062723c751e8b465ee728b)  -> (artifact id: '56ace391451a09ea2843e4589881ec00') in 0.054136 seconds 
  Import took 0.059069 seconds .

========================================================================
Received Import Request.
  Time since last request: 2.717372 seconds.
  path: Assets/Resources
  artifactKey: Guid(e4e0608664d852b4db3e9a74b2450e11) Importer(815301076,1909f56bfc062723c751e8b465ee728b)
Start importing Assets/Resources using Guid(e4e0608664d852b4db3e9a74b2450e11) Importer(815301076,1909f56bfc062723c751e8b465ee728b)  -> (artifact id: '316ae13aad272b935cc1f732d992311a') in 0.011039 seconds 
  Import took 0.014213 seconds .

========================================================================
Received Import Request.
  Time since last request: 16.363840 seconds.
  path: Assets/Plugins/Demigiant/DOTween/DoTween.asmdef
  artifactKey: Guid(104db11e93ec17748aeb507826504d45) Importer(815301076,1909f56bfc062723c751e8b465ee728b)
Start importing Assets/Plugins/Demigiant/DOTween/DoTween.asmdef using Guid(104db11e93ec17748aeb507826504d45) Importer(815301076,1909f56bfc062723c751e8b465ee728b)  -> (artifact id: 'de8ca70295abc1e961ec30e4506c89a1') in 0.010115 seconds 
  Import took 0.013184 seconds .

========================================================================
Received Import Request.
  Time since last request: 33.205607 seconds.
  path: Assets/Plugins/Demigiant/DOTween/DoTweenAssembly.asmdef
  artifactKey: Guid(104db11e93ec17748aeb507826504d45) Importer(815301076,1909f56bfc062723c751e8b465ee728b)
Start importing Assets/Plugins/Demigiant/DOTween/DoTweenAssembly.asmdef using Guid(104db11e93ec17748aeb507826504d45) Importer(815301076,1909f56bfc062723c751e8b465ee728b)  -> (artifact id: '829de2fe4bf447f7b3e636786d33ae5d') in 0.020129 seconds 
  Import took 0.037081 seconds .

========================================================================
Received Import Request.
  Time since last request: 25.179289 seconds.
  path: Assets/Scripts/Game.asmdef
  artifactKey: Guid(ecda1e408bda9eb469377fd542dfa383) Importer(815301076,1909f56bfc062723c751e8b465ee728b)
Start importing Assets/Scripts/Game.asmdef using Guid(ecda1e408bda9eb469377fd542dfa383) Importer(815301076,1909f56bfc062723c751e8b465ee728b)  -> (artifact id: '43645da33c7c12a7c5a6a9a2c460dedf') in 0.012477 seconds 
  Import took 0.023687 seconds .

========================================================================
Received Import Request.
  Time since last request: 30.816117 seconds.
  path: Assets/Plugins/Demigiant/DOTween/Jopa.asmdef
  artifactKey: Guid(104db11e93ec17748aeb507826504d45) Importer(815301076,1909f56bfc062723c751e8b465ee728b)
Start importing Assets/Plugins/Demigiant/DOTween/Jopa.asmdef using Guid(104db11e93ec17748aeb507826504d45) Importer(815301076,1909f56bfc062723c751e8b465ee728b)  -> (artifact id: '547683a2e2edc9b007898a5d56f8d7f7') in 0.037889 seconds 
  Import took 0.098510 seconds .

========================================================================
Received Import Request.
  Time since last request: 165.420078 seconds.
  path: Assets/Plugins/Demigiant/DOTween/DOTween.dll.mdb
  artifactKey: Guid(4f007001a22b3d24dae350342c4d19c8) Importer(815301076,1909f56bfc062723c751e8b465ee728b)
Start importing Assets/Plugins/Demigiant/DOTween/DOTween.dll.mdb using Guid(4f007001a22b3d24dae350342c4d19c8) Importer(815301076,1909f56bfc062723c751e8b465ee728b)  -> (artifact id: '8a169b349d2f93ac4fde81f5743fca4c') in 0.014618 seconds 
  Import took 0.018134 seconds .

========================================================================
Received Import Request.
  Time since last request: 20.815974 seconds.
  path: Assets/Plugins/Demigiant/DOTween/readme.txt
  artifactKey: Guid(fccfc62abf2eb0a4db614853430894fd) Importer(815301076,1909f56bfc062723c751e8b465ee728b)
Start importing Assets/Plugins/Demigiant/DOTween/readme.txt using Guid(fccfc62abf2eb0a4db614853430894fd) Importer(815301076,1909f56bfc062723c751e8b465ee728b)  -> (artifact id: '02d61fb29367fe4f6be787bf276b52c0') in 0.017276 seconds 
  Import took 0.020331 seconds .

========================================================================
Received Import Request.
  Time since last request: 39.827365 seconds.
  path: Assets/Plugins/Demigiant/DOTween/Modules/DOTweenModulePhysics2D.cs
  artifactKey: Guid(230fe34542e175245ba74b4659dae700) Importer(815301076,1909f56bfc062723c751e8b465ee728b)
Start importing Assets/Plugins/Demigiant/DOTween/Modules/DOTweenModulePhysics2D.cs using Guid(230fe34542e175245ba74b4659dae700) Importer(815301076,1909f56bfc062723c751e8b465ee728b)  -> (artifact id: 'e0e8e71c36382ab396a1b0e86ebcd276') in 0.012000 seconds 
  Import took 0.015576 seconds .

========================================================================
Received Import Request.
  Time since last request: 1.218578 seconds.
  path: Assets/Plugins/Demigiant/DOTween/Modules/DOTweenModuleUI.cs
  artifactKey: Guid(a060394c03331a64392db53a10e7f2d1) Importer(815301076,1909f56bfc062723c751e8b465ee728b)
Start importing Assets/Plugins/Demigiant/DOTween/Modules/DOTweenModuleUI.cs using Guid(a060394c03331a64392db53a10e7f2d1) Importer(815301076,1909f56bfc062723c751e8b465ee728b)  -> (artifact id: '5b2cb3d6e90f3b5179067399f48730c5') in 0.010310 seconds 
  Import took 0.013404 seconds .

========================================================================
Received Import Request.
  Time since last request: 0.798292 seconds.
  path: Assets/Plugins/Demigiant/DOTween/Modules/DOTweenModuleUnityVersion.cs
  artifactKey: Guid(63c02322328255542995bd02b47b0457) Importer(815301076,1909f56bfc062723c751e8b465ee728b)
Start importing Assets/Plugins/Demigiant/DOTween/Modules/DOTweenModuleUnityVersion.cs using Guid(63c02322328255542995bd02b47b0457) Importer(815301076,1909f56bfc062723c751e8b465ee728b)  -> (artifact id: 'd4b2827720ff4688eb098f0e57b786e6') in 0.007952 seconds 
  Import took 0.011243 seconds .

========================================================================
Received Import Request.
  Time since last request: 0.405764 seconds.
  path: Assets/Plugins/Demigiant/DOTween/Modules/DOTweenModuleUtils.cs
  artifactKey: Guid(7bcaf917d9cf5b84090421a5a2abe42e) Importer(815301076,1909f56bfc062723c751e8b465ee728b)
Start importing Assets/Plugins/Demigiant/DOTween/Modules/DOTweenModuleUtils.cs using Guid(7bcaf917d9cf5b84090421a5a2abe42e) Importer(815301076,1909f56bfc062723c751e8b465ee728b)  -> (artifact id: '0a81aaf10af54776024ed544f9851654') in 0.007336 seconds 
  Import took 0.010513 seconds .

========================================================================
Received Import Request.
  Time since last request: 42.463229 seconds.
  path: Assets/Scripts/Editor/TargetSettings.cs
  artifactKey: Guid(fbe17407cc229b945bd19c3703fd698e) Importer(815301076,1909f56bfc062723c751e8b465ee728b)
Start importing Assets/Scripts/Editor/TargetSettings.cs using Guid(fbe17407cc229b945bd19c3703fd698e) Importer(815301076,1909f56bfc062723c751e8b465ee728b)  -> (artifact id: 'dcc14373d68ca65dd6d86ef560711952') in 0.009547 seconds 
  Import took 0.012971 seconds .

========================================================================
Received Import Request.
  Time since last request: 9.599214 seconds.
  path: Assets/Scripts/Editor/Editor.asmdef
  artifactKey: Guid(f2cfb72a7a4f2914c8c8b9e920aa493b) Importer(815301076,1909f56bfc062723c751e8b465ee728b)
Start importing Assets/Scripts/Editor/Editor.asmdef using Guid(f2cfb72a7a4f2914c8c8b9e920aa493b) Importer(815301076,1909f56bfc062723c751e8b465ee728b)  -> (artifact id: 'ad4f37e02cd26245be83baea95bb6198') in 0.003942 seconds 
  Import took 0.008408 seconds .

========================================================================
Received Prepare
Registering precompiled user dll's ...
Registered in 0.004137 seconds.
Begin MonoManager ReloadAssembly
Native extension for WindowsStandalone target not found
Refreshing native plugins compatible for Editor in 0.47 ms, found 2 plugins.
Preloading 0 native plugins for Editor in 0.00 ms.
Mono: successfully reloaded assembly
- Completed reload, in  1.379 seconds
Domain Reload Profiling:
	ReloadAssembly (1380ms)
		BeginReloadAssembly (137ms)
			ExecutionOrderSort (0ms)
			DisableScriptedObjects (5ms)
			BackupInstance (0ms)
			ReleaseScriptingObjects (0ms)
			CreateAndSetChildDomain (40ms)
		EndReloadAssembly (1151ms)
			LoadAssemblies (117ms)
			RebuildTransferFunctionScriptingTraits (0ms)
			SetupTypeCache (443ms)
			ReleaseScriptCaches (1ms)
			RebuildScriptCaches (57ms)
			SetupLoadedEditorAssemblies (397ms)
				LogAssemblyErrors (0ms)
				InitializePlatformSupportModulesInManaged (6ms)
				SetLoadedEditorAssemblies (1ms)
				RefreshPlugins (1ms)
				BeforeProcessingInitializeOnLoad (104ms)
				ProcessInitializeOnLoadAttributes (270ms)
				ProcessInitializeOnLoadMethodAttributes (6ms)
				AfterProcessingInitializeOnLoad (8ms)
				EditorAssembliesLoaded (0ms)
			ExecutionOrderSort2 (0ms)
			AwakeInstancesAfterBackupRestoration (9ms)
Platform modules already initialized, skipping
Switching build target platform(19) subTarget(0) extendedPlatform(0) -> platform(13) subTarget(537395200) extendedPlatform(0)
Refreshing native plugins compatible for Editor in 0.46 ms, found 2 plugins.
Preloading 0 native plugins for Editor in 0.00 ms.
Unloading 1576 Unused Serialized files (Serialized files now loaded: 0)
System memory in use before: 89.4 MB.
System memory in use after: 89.5 MB.

Unloading 14 unused Assets to reduce memory usage. Loaded Objects now: 2082.
Total: 3.450500 ms (FindLiveObjects: 0.158400 ms CreateObjectMapping: 0.060800 ms MarkObjects: 3.204900 ms  DeleteObjects: 0.024800 ms)

AssetImportParameters requested are different than current active one (requested -> active):
  custom:framework-win-MediaFoundation: 216162199b28c13a410421893ffa2e32 -> 
  custom:video-decoder-ogg-theora: a1e56fd34408186e4bbccfd4996cb3dc -> 
  custom:container-muxer-webm: aa71ff27fc2769a1b78a27578f13a17b -> 
  custom:container-demuxer-webm: 4f35f7cbe854078d1ac9338744f61a02 -> 
  custom:container-demuxer-ogg: 62fdf1f143b41e24485cea50d1cbac27 -> 
  custom:video-encoder-webm-vp8: eb34c28f22e8b96e1ab97ce403110664 -> 
  custom:video-decoder-webm-vp8: 9c59270c3fd7afecdb556c50c9e8de78 -> 
  custom:graphics/normal-map-encoding: 01000000000000000000000000000000 -> 02000000000000000000000000000000
  custom:audio-decoder-ogg-vorbis: bf7c407c2cedff20999df2af8eb42d56 -> 
  custom:audio-encoder-webm-vorbis: bf7c407c2cedff20999df2af8eb42d56 -> 
AssetImportWorkerClient::OnTransportError - code=2 error=End of file
